Base path: 'C:/Program Files/Unity/Hub/Editor/2019.3.0f3/Editor/Data', plugins path 'C:/Program Files/Unity/Hub/Editor/2019.3.0f3/Editor/Data/PlaybackEngines'
Cmd: initializeCompiler
Cmd: compileSnippet
  api=4 type=0 insize=1113 outsize=938 kw=UNITY_PASS_META _METALLICSPECGLOSSMAP pd=UNITY_ENABLE_REFLECTION_BUFFERS UNITY_USE_DITHER_MASK_FOR_ALPHABLENDED_SHADOWS UNITY_PBS_USE_BRDF1 UNITY_SPECCUBE_BOX_PROJECTION UNITY_SPECCUBE_BLENDING UNITY_ENABLE_DETAIL_NORMALMAP SHADER_API_DESKTOP UNITY_LIGHT_PROBE_PROXY_VOLUME UNITY_LIGHTMAP_RGBM_ENCODING ok=1
Cmd: compileSnippet
  api=4 type=1 insize=1113 outsize=1046 kw=UNITY_PASS_META _METALLICSPECGLOSSMAP pd=UNITY_ENABLE_REFLECTION_BUFFERS UNITY_USE_DITHER_MASK_FOR_ALPHABLENDED_SHADOWS UNITY_PBS_USE_BRDF1 UNITY_SPECCUBE_BOX_PROJECTION UNITY_SPECCUBE_BLENDING UNITY_ENABLE_DETAIL_NORMALMAP SHADER_API_DESKTOP UNITY_LIGHT_PROBE_PROXY_VOLUME UNITY_LIGHTMAP_RGBM_ENCODING ok=1
Cmd: compileSnippet
  api=4 type=0 insize=1113 outsize=938 kw=UNITY_PASS_META _SMOOTHNESS_TEXTURE_ALBEDO_CHANNEL_A pd=UNITY_ENABLE_REFLECTION_BUFFERS UNITY_USE_DITHER_MASK_FOR_ALPHABLENDED_SHADOWS UNITY_PBS_USE_BRDF1 UNITY_SPECCUBE_BOX_PROJECTION UNITY_SPECCUBE_BLENDING UNITY_ENABLE_DETAIL_NORMALMAP SHADER_API_DESKTOP UNITY_LIGHT_PROBE_PROXY_VOLUME UNITY_LIGHTMAP_RGBM_ENCODING ok=1
Cmd: compileSnippet
  api=4 type=1 insize=1113 outsize=990 kw=UNITY_PASS_META _SMOOTHNESS_TEXTURE_ALBEDO_CHANNEL_A pd=UNITY_ENABLE_REFLECTION_BUFFERS UNITY_USE_DITHER_MASK_FOR_ALPHABLENDED_SHADOWS UNITY_PBS_USE_BRDF1 UNITY_SPECCUBE_BOX_PROJECTION UNITY_SPECCUBE_BLENDING UNITY_ENABLE_DETAIL_NORMALMAP SHADER_API_DESKTOP UNITY_LIGHT_PROBE_PROXY_VOLUME UNITY_LIGHTMAP_RGBM_ENCODING ok=1
Cmd: initializeCompiler
Cmd: compileSnippet
  api=4 type=0 insize=915 outsize=1050 kw=UNITY_PASS_META pd=UNITY_ENABLE_REFLECTION_BUFFERS UNITY_USE_DITHER_MASK_FOR_ALPHABLENDED_SHADOWS UNITY_PBS_USE_BRDF1 UNITY_SPECCUBE_BOX_PROJECTION UNITY_SPECCUBE_BLENDING UNITY_ENABLE_DETAIL_NORMALMAP SHADER_API_DESKTOP UNITY_LIGHT_PROBE_PROXY_VOLUME UNITY_LIGHTMAP_RGBM_ENCODING ok=1
Cmd: compileSnippet
  api=4 type=1 insize=915 outsize=934 kw=UNITY_PASS_META pd=UNITY_ENABLE_REFLECTION_BUFFERS UNITY_USE_DITHER_MASK_FOR_ALPHABLENDED_SHADOWS UNITY_PBS_USE_BRDF1 UNITY_SPECCUBE_BOX_PROJECTION UNITY_SPECCUBE_BLENDING UNITY_ENABLE_DETAIL_NORMALMAP SHADER_API_DESKTOP UNITY_LIGHT_PROBE_PROXY_VOLUME UNITY_LIGHTMAP_RGBM_ENCODING ok=1
Cmd: preprocess
  insize=811 outsize=209 ok=1
Cmd: preprocess
  insize=811 outsize=209 ok=1
Cmd: preprocess
  insize=811 outsize=209 ok=1
Cmd: preprocess
  insize=811 outsize=209 ok=1
Cmd: preprocess
  insize=811 outsize=209 ok=1
Cmd: preprocess
  insize=811 outsize=209 ok=1
Cmd: preprocess
  insize=811 outsize=209 ok=1
Cmd: preprocess
  insize=811 outsize=209 ok=1
Cmd: preprocess
  insize=811 outsize=209 ok=1
Cmd: preprocess
  insize=811 outsize=209 ok=1
Cmd: preprocess
  insize=811 outsize=209 ok=1
Cmd: preprocess
  insize=811 outsize=209 ok=1
Cmd: preprocess
  insize=811 outsize=209 ok=1
Cmd: preprocess
  insize=811 outsize=209 ok=1
Cmd: preprocess
  insize=811 outsize=209 ok=1
Cmd: preprocess
  insize=811 outsize=209 ok=1
Cmd: preprocess
  insize=811 outsize=209 ok=1
Cmd: preprocess
  insize=811 outsize=209 ok=1
Cmd: preprocess
  insize=811 outsize=209 ok=1
Cmd: preprocess
  insize=811 outsize=209 ok=1
Cmd: preprocess
  insize=811 outsize=209 ok=1
Cmd: preprocess
  insize=811 outsize=209 ok=1
Cmd: preprocess
  insize=811 outsize=209 ok=1
Cmd: preprocess
  insize=811 outsize=209 ok=1
Cmd: preprocess
  insize=811 outsize=209 ok=1
Cmd: preprocess
  insize=811 outsize=209 ok=1
Cmd: preprocess
  insize=811 outsize=209 ok=1
Cmd: preprocess
  insize=811 outsize=209 ok=1
Cmd: preprocess
  insize=811 outsize=209 ok=1
Cmd: preprocess
  insize=811 outsize=209 ok=1
Cmd: preprocess
  insize=811 outsize=209 ok=1
Cmd: preprocess
  insize=811 outsize=209 ok=1
Cmd: preprocess
  insize=811 outsize=209 ok=1
Cmd: preprocess
  insize=811 outsize=209 ok=1
Cmd: preprocess
  insize=811 outsize=209 ok=1
Cmd: preprocess
  insize=811 outsize=209 ok=1
Cmd: preprocess
  insize=811 outsize=209 ok=1
Cmd: preprocess
  insize=811 outsize=209 ok=1
Cmd: preprocess
  insize=811 outsize=209 ok=1
Cmd: preprocess
  insize=15402 outsize=372 ok=1
Cmd: preprocess
  insize=3531 outsize=371 ok=1
Cmd: preprocess
  insize=3750 outsize=364 ok=1
Cmd: preprocess
  insize=3733 outsize=361 ok=1
Cmd: preprocess
  insize=6082 outsize=365 ok=1
Cmd: preprocess
  insize=6367 outsize=365 ok=1
Cmd: preprocess
  insize=6588 outsize=365 ok=1
Cmd: preprocess
  insize=3974 outsize=364 ok=1
Cmd: preprocess
  insize=5800 outsize=368 ok=1
Cmd: preprocess
  insize=4174 outsize=363 ok=1
Cmd: preprocess
  insize=4493 outsize=364 ok=1
Cmd: preprocess
  insize=8414 outsize=365 ok=1
Cmd: preprocess
  insize=6860 outsize=361 ok=1
Cmd: preprocess
  insize=7576 outsize=364 ok=1
Cmd: preprocess
  insize=6860 outsize=361 ok=1
Cmd: preprocess
  insize=7179 outsize=365 ok=1
Cmd: preprocess
  insize=7070 outsize=361 ok=1
Cmd: preprocess
  insize=7389 outsize=365 ok=1
Cmd: preprocess
  insize=8400 outsize=365 ok=1
Cmd: preprocess
  insize=6797 outsize=364 ok=1
Cmd: preprocess
  insize=8917 outsize=360 ok=1
Cmd: preprocess
  insize=9725 outsize=359 ok=1
Cmd: preprocess
  insize=10348 outsize=360 ok=1
Cmd: preprocess
  insize=8000 outsize=365 ok=1
Cmd: preprocess
  insize=7293 outsize=365 ok=1
Cmd: preprocess
  insize=3964 outsize=362 ok=1
Cmd: preprocess
  insize=12756 outsize=374 ok=1
Cmd: preprocess
  insize=13530 outsize=358 ok=1
Cmd: preprocess
  insize=10645 outsize=365 ok=1
Cmd: preprocess
  insize=12766 outsize=375 ok=1
Cmd: preprocess
  insize=10645 outsize=365 ok=1
Cmd: preprocess
  insize=14017 outsize=359 ok=1
Cmd: preprocess
  insize=15390 outsize=360 ok=1
Cmd: preprocess
  insize=13058 outsize=375 ok=1
Cmd: preprocess
  insize=13058 outsize=374 ok=1
Cmd: preprocess
  insize=811 outsize=209 ok=1
Cmd: preprocess
  insize=811 outsize=209 ok=1
Cmd: preprocess
  insize=811 outsize=209 ok=1
Cmd: preprocess
  insize=811 outsize=209 ok=1
Cmd: preprocess
  insize=811 outsize=209 ok=1
Cmd: preprocess
  insize=811 outsize=209 ok=1
Cmd: preprocess
  insize=811 outsize=209 ok=1
Cmd: preprocess
  insize=811 outsize=209 ok=1
Cmd: preprocess
  insize=811 outsize=209 ok=1
Cmd: preprocess
  insize=811 outsize=209 ok=1
Cmd: preprocess
  insize=4542 outsize=473 ok=1
Cmd: preprocess
  insize=3253 outsize=473 ok=1
Cmd: preprocess
  insize=3849 outsize=477 ok=1
Cmd: preprocess
  insize=3849 outsize=477 ok=1
Cmd: preprocess
  insize=4544 outsize=475 ok=1
Cmd: preprocess
  insize=811 outsize=209 ok=1
Cmd: preprocess
  insize=811 outsize=209 ok=1
Cmd: preprocess
  insize=811 outsize=209 ok=1
Cmd: preprocess
  insize=811 outsize=209 ok=1
Cmd: preprocess
  insize=811 outsize=209 ok=1
Cmd: preprocess
  insize=811 outsize=209 ok=1
Cmd: preprocess
  insize=811 outsize=209 ok=1
Cmd: preprocess
  insize=811 outsize=209 ok=1
Cmd: preprocess
  insize=811 outsize=209 ok=1
Cmd: preprocess
  insize=811 outsize=209 ok=1
Cmd: preprocess
  insize=811 outsize=209 ok=1
Cmd: preprocess
  insize=811 outsize=209 ok=1
Cmd: preprocess
  insize=811 outsize=209 ok=1
Cmd: preprocess
  insize=811 outsize=209 ok=1
Cmd: preprocess
  insize=811 outsize=209 ok=1
Cmd: preprocess
  insize=811 outsize=209 ok=1
Cmd: preprocess
  insize=811 outsize=209 ok=1
Cmd: preprocess
  insize=811 outsize=209 ok=1
Cmd: preprocess
  insize=811 outsize=209 ok=1
Cmd: preprocess
  insize=811 outsize=209 ok=1
Cmd: preprocess
  insize=811 outsize=209 ok=1
Cmd: preprocess
  insize=811 outsize=209 ok=1
Cmd: preprocess
  insize=811 outsize=209 ok=1
Cmd: preprocess
  insize=811 outsize=209 ok=1
Cmd: preprocess
  insize=811 outsize=209 ok=1
Cmd: preprocess
  insize=811 outsize=209 ok=1
Cmd: preprocess
  insize=811 outsize=209 ok=1
Cmd: preprocess
  insize=811 outsize=209 ok=1
Cmd: preprocess
  insize=811 outsize=209 ok=1
Cmd: preprocess
  insize=811 outsize=209 ok=1
Cmd: preprocess
  insize=811 outsize=209 ok=1
Cmd: preprocess
  insize=811 outsize=209 ok=1
Cmd: preprocess
  insize=811 outsize=209 ok=1
Cmd: preprocess
  insize=811 outsize=209 ok=1
Cmd: preprocess
  insize=811 outsize=209 ok=1
Cmd: preprocess
  insize=5011 outsize=466 ok=1
Cmd: preprocess
  insize=3499 outsize=469 ok=1
Cmd: preprocess
  insize=4160 outsize=469 ok=1
Cmd: preprocess
  insize=4741 outsize=471 ok=1
Cmd: preprocess
  insize=4958 outsize=467 ok=1
Cmd: preprocess
  insize=4434 outsize=467 ok=1
Cmd: preprocess
  insize=5283 outsize=471 ok=1
Cmd: preprocess
  insize=8585 outsize=473 ok=1
Cmd: preprocess
  insize=3677 outsize=477 ok=1
Cmd: preprocess
  insize=9732 outsize=479 ok=1
Cmd: preprocess
  insize=3474 outsize=471 ok=1
Cmd: preprocess
  insize=3671 outsize=467 ok=1
Cmd: preprocess
  insize=3956 outsize=470 ok=1
Cmd: preprocess
  insize=3957 outsize=469 ok=1
Cmd: preprocess
  insize=4739 outsize=470 ok=1
Cmd: preprocess
  insize=5012 outsize=467 ok=1
Cmd: preprocess
  insize=4740 outsize=472 ok=1
Cmd: preprocess
  insize=3499 outsize=469 ok=1
Cmd: preprocess
  insize=5266 outsize=469 ok=1
Cmd: preprocess
  insize=5950 outsize=475 ok=1
Cmd: preprocess
  insize=9621 outsize=472 ok=1
Cmd: preprocess
  insize=811 outsize=209 ok=1
Cmd: preprocess
  insize=811 outsize=209 ok=1
Cmd: preprocess
  insize=811 outsize=209 ok=1
Cmd: preprocess
  insize=811 outsize=209 ok=1
Cmd: preprocess
  insize=811 outsize=209 ok=1
Cmd: preprocess
  insize=811 outsize=209 ok=1
Cmd: preprocess
  insize=811 outsize=209 ok=1
Cmd: preprocess
  insize=811 outsize=209 ok=1
Cmd: preprocess
  insize=811 outsize=209 ok=1
Cmd: preprocess
  insize=811 outsize=209 ok=1
Cmd: preprocess
  insize=811 outsize=209 ok=1
Cmd: preprocess
  insize=811 outsize=209 ok=1
Cmd: preprocess
  insize=811 outsize=209 ok=1
Cmd: preprocess
  insize=811 outsize=209 ok=1
Cmd: preprocess
  insize=811 outsize=209 ok=1
Cmd: preprocess
  insize=811 outsize=209 ok=1
Cmd: preprocess
  insize=811 outsize=209 ok=1
Cmd: preprocess
  insize=811 outsize=209 ok=1
Cmd: preprocess
  insize=811 outsize=209 ok=1
Cmd: preprocess
  insize=6580 outsize=457 ok=1
Cmd: preprocess
  insize=3650 outsize=455 ok=1
Cmd: preprocess
  insize=4711 outsize=449 ok=1
Cmd: preprocess
  insize=6139 outsize=450 ok=1
Cmd: preprocess
  insize=4407 outsize=445 ok=1
Cmd: preprocess
  insize=4931 outsize=445 ok=1
Cmd: preprocess
  insize=4714 outsize=449 ok=1
Cmd: preprocess
  insize=4133 outsize=447 ok=1
Cmd: preprocess
  insize=6572 outsize=449 ok=1
Cmd: preprocess
  insize=4928 outsize=445 ok=1
Cmd: preprocess
  insize=4401 outsize=444 ok=1
Cmd: preprocess
  insize=4133 outsize=447 ok=1
Cmd: preprocess
  insize=811 outsize=209 ok=1
Cmd: preprocess
  insize=811 outsize=209 ok=1
Cmd: preprocess
  insize=811 outsize=209 ok=1
Cmd: preprocess
  insize=811 outsize=209 ok=1
Cmd: preprocess
  insize=811 outsize=209 ok=1
Cmd: preprocess
  insize=811 outsize=209 ok=1
Cmd: preprocess
  insize=811 outsize=209 ok=1
Cmd: preprocess
  insize=4282 outsize=422 ok=1
Cmd: preprocess
  insize=3589 outsize=420 ok=1
Cmd: preprocess
  insize=3809 outsize=415 ok=1
Cmd: preprocess
  insize=4276 outsize=416 ok=1
Cmd: preprocess
  insize=811 outsize=209 ok=1
Cmd: preprocess
  insize=811 outsize=209 ok=1
Cmd: preprocess
  insize=811 outsize=209 ok=1
Cmd: preprocess
  insize=811 outsize=209 ok=1
Cmd: preprocess
  insize=811 outsize=209 ok=1
Cmd: preprocess
  insize=811 outsize=209 ok=1
Cmd: preprocess
  insize=811 outsize=209 ok=1
Cmd: preprocess
  insize=811 outsize=209 ok=1
Cmd: preprocess
  insize=811 outsize=209 ok=1
Cmd: preprocess
  insize=811 outsize=209 ok=1
Cmd: preprocess
  insize=811 outsize=209 ok=1
Cmd: preprocess
  insize=811 outsize=209 ok=1
Cmd: preprocess
  insize=811 outsize=209 ok=1
Cmd: preprocess
  insize=811 outsize=209 ok=1
Cmd: preprocess
  insize=811 outsize=209 ok=1
Cmd: preprocess
  insize=6115 outsize=430 ok=1
Cmd: preprocess
  insize=4120 outsize=420 ok=1
Cmd: preprocess
  insize=4121 outsize=420 ok=1
Cmd: preprocess
  insize=5184 outsize=423 ok=1
Cmd: preprocess
  insize=5032 outsize=420 ok=1
Cmd: preprocess
  insize=5404 outsize=423 ok=1
Cmd: preprocess
  insize=4392 outsize=426 ok=1
Cmd: preprocess
  insize=3618 outsize=429 ok=1
Cmd: preprocess
  insize=4827 outsize=420 ok=1
Cmd: preprocess
  insize=5689 outsize=423 ok=1
Cmd: preprocess
  insize=6110 outsize=425 ok=1
Cmd: preprocess
  insize=811 outsize=209 ok=1
Cmd: preprocess
  insize=811 outsize=209 ok=1
Cmd: preprocess
  insize=811 outsize=209 ok=1
Cmd: preprocess
  insize=811 outsize=209 ok=1
Cmd: preprocess
  insize=811 outsize=209 ok=1
Cmd: preprocess
  insize=811 outsize=209 ok=1
Cmd: preprocess
  insize=811 outsize=209 ok=1
Cmd: preprocess
  insize=811 outsize=209 ok=1
Cmd: preprocess
  insize=811 outsize=209 ok=1
Cmd: preprocess
  insize=811 outsize=209 ok=1
Cmd: preprocess
  insize=811 outsize=209 ok=1
Cmd: preprocess
  insize=811 outsize=209 ok=1
Cmd: preprocess
  insize=811 outsize=209 ok=1
Cmd: preprocess
  insize=811 outsize=209 ok=1
Cmd: preprocess
  insize=811 outsize=209 ok=1
Cmd: preprocess
  insize=811 outsize=209 ok=1
Cmd: preprocess
  insize=811 outsize=209 ok=1
Cmd: preprocess
  insize=811 outsize=209 ok=1
Cmd: preprocess
  insize=5262 outsize=499 ok=1
Cmd: preprocess
  insize=5711 outsize=500 ok=1
Cmd: preprocess
  insize=5907 outsize=495 ok=1
Cmd: preprocess
  insize=5510 outsize=500 ok=1
Cmd: preprocess
  insize=6058 outsize=499 ok=1
Cmd: preprocess
  insize=6279 outsize=500 ok=1
Cmd: preprocess
  insize=3729 outsize=506 ok=1
Cmd: preprocess
  insize=4489 outsize=506 ok=1
Cmd: preprocess
  insize=6905 outsize=507 ok=1
Cmd: preprocess
  insize=3327 outsize=496 ok=1
Cmd: preprocess
  insize=6479 outsize=500 ok=1
Cmd: preprocess
  insize=6900 outsize=502 ok=1
Cmd: preprocess
  insize=811 outsize=209 ok=1
Cmd: preprocess
  insize=811 outsize=209 ok=1
Cmd: preprocess
  insize=811 outsize=209 ok=1
Cmd: preprocess
  insize=811 outsize=209 ok=1
Cmd: preprocess
  insize=811 outsize=209 ok=1
Cmd: preprocess
  insize=811 outsize=209 ok=1
Cmd: preprocess
  insize=811 outsize=209 ok=1
Cmd: preprocess
  insize=811 outsize=209 ok=1
Cmd: preprocess
  insize=811 outsize=209 ok=1
Cmd: preprocess
  insize=811 outsize=209 ok=1
Cmd: preprocess
  insize=811 outsize=209 ok=1
Cmd: preprocess
  insize=811 outsize=209 ok=1
Cmd: preprocess
  insize=811 outsize=209 ok=1
Cmd: preprocess
  insize=811 outsize=209 ok=1
Cmd: preprocess
  insize=811 outsize=209 ok=1
Cmd: preprocess
  insize=811 outsize=209 ok=1
Cmd: preprocess
  insize=811 outsize=209 ok=1
Cmd: preprocess
  insize=811 outsize=209 ok=1
Cmd: preprocess
  insize=811 outsize=209 ok=1
Cmd: preprocess
  insize=811 outsize=209 ok=1
Cmd: preprocess
  insize=811 outsize=209 ok=1
Cmd: preprocess
  insize=811 outsize=209 ok=1
Cmd: preprocess
  insize=811 outsize=209 ok=1
Cmd: preprocess
  insize=7518 outsize=418 ok=1
Cmd: preprocess
  insize=4025 outsize=408 ok=1
Cmd: preprocess
  insize=3808 outsize=409 ok=1
Cmd: preprocess
  insize=3594 outsize=416 ok=1
Cmd: preprocess
  insize=4328 outsize=409 ok=1
Cmd: preprocess
  insize=4536 outsize=408 ok=1
Cmd: preprocess
  insize=4735 outsize=407 ok=1
Cmd: preprocess
  insize=5108 outsize=411 ok=1
Cmd: preprocess
  insize=5428 outsize=411 ok=1
Cmd: preprocess
  insize=5545 outsize=409 ok=1
Cmd: preprocess
  insize=5652 outsize=411 ok=1
Cmd: preprocess
  insize=5769 outsize=408 ok=1
Cmd: preprocess
  insize=6139 outsize=410 ok=1
Cmd: preprocess
  insize=6345 outsize=410 ok=1
Cmd: preprocess
  insize=6987 outsize=413 ok=1
Cmd: preprocess
  insize=6566 outsize=411 ok=1
Cmd: preprocess
  insize=6987 outsize=413 ok=1
Cmd: preprocess
  insize=7511 outsize=411 ok=1
Cmd: preprocess
  insize=811 outsize=209 ok=1
Cmd: preprocess
  insize=811 outsize=209 ok=1
Cmd: preprocess
  insize=811 outsize=209 ok=1
Cmd: preprocess
  insize=811 outsize=209 ok=1
Cmd: preprocess
  insize=811 outsize=209 ok=1
Cmd: preprocess
  insize=811 outsize=209 ok=1
Cmd: preprocess
  insize=811 outsize=209 ok=1
Cmd: preprocess
  insize=811 outsize=209 ok=1
Cmd: preprocess
  insize=811 outsize=209 ok=1
Cmd: preprocess
  insize=811 outsize=209 ok=1
Cmd: preprocess
  insize=811 outsize=209 ok=1
Cmd: preprocess
  insize=5507 outsize=459 ok=1
Cmd: preprocess
  insize=4770 outsize=458 ok=1
Cmd: preprocess
  insize=4989 outsize=452 ok=1
Cmd: preprocess
  insize=5501 outsize=453 ok=1
Cmd: preprocess
  insize=4039 outsize=449 ok=1
